{
  "RSpec": {
    "coverage": {
      "/Users/alistairdavidson/projects/code_tests/image-api/app/controllers/image_controller.rb": [
        1,
        1,
        1,
        1,
        null,
        1,
        3,
        null,
        null,
        null,
        3,
        null,
        null,
        1,
        3,
        null,
        3,
        3,
        0,
        0,
        null,
        0,
        null,
        null,
        null,
        1,
        0,
        null,
        0,
        0,
        null,
        null,
        0,
        null,
        null,
        null,
        1,
        null,
        1,
        3,
        3,
        null,
        null,
        null,
        1,
        0,
        0,
        null,
        null,
        1,
        0,
        null,
        null
      ],
      "/Users/alistairdavidson/projects/code_tests/image-api/app/controllers/application_controller.rb": [
        1,
        null
      ],
      "/Users/alistairdavidson/projects/code_tests/image-api/app/services/image_service.rb": [
        1,
        1,
        6,
        6,
        null,
        6,
        6,
        6,
        6,
        null,
        6,
        null,
        null,
        6,
        null,
        null,
        null,
        null,
        1,
        6,
        6,
        6,
        6,
        null,
        null
      ],
      "/Users/alistairdavidson/projects/code_tests/image-api/app/value_objects/parsed_uri.rb": [
        null,
        1,
        1,
        null,
        1,
        6,
        null,
        6,
        6,
        6,
        null,
        null,
        1,
        6,
        6,
        6,
        null,
        null
      ],
      "/Users/alistairdavidson/projects/code_tests/image-api/app/models/image.rb": [
        1,
        1,
        null,
        1,
        6,
        null,
        null
      ]
    },
    "timestamp": 1531929353
  }
}
